{"/Users/jim/Desktop/piglatin/script.js": {"path":"/Users/jim/Desktop/piglatin/script.js","statementMap":{"0":{"start":{"line":3,"column":18},"end":{"line":24,"column":1}},"1":{"start":{"line":5,"column":4},"end":{"line":5,"column":28}},"2":{"start":{"line":7,"column":19},"end":{"line":7,"column":44}},"3":{"start":{"line":9,"column":4},"end":{"line":23,"column":5}},"4":{"start":{"line":10,"column":8},"end":{"line":10,"column":27}},"5":{"start":{"line":13,"column":24},"end":{"line":13,"column":26}},"6":{"start":{"line":15,"column":8},"end":{"line":22,"column":9}},"7":{"start":{"line":15,"column":21},"end":{"line":15,"column":22}},"8":{"start":{"line":17,"column":12},"end":{"line":21,"column":13}},"9":{"start":{"line":18,"column":16},"end":{"line":18,"column":36}},"10":{"start":{"line":20,"column":16},"end":{"line":20,"column":55}},"11":{"start":{"line":26,"column":0},"end":{"line":26,"column":27}}},"fnMap":{"0":{"name":"(anonymous_0)","decl":{"start":{"line":3,"column":18},"end":{"line":3,"column":19}},"loc":{"start":{"line":3,"column":27},"end":{"line":24,"column":1}},"line":3}},"branchMap":{"0":{"loc":{"start":{"line":9,"column":4},"end":{"line":23,"column":5}},"type":"if","locations":[{"start":{"line":9,"column":4},"end":{"line":23,"column":5}},{"start":{"line":9,"column":4},"end":{"line":23,"column":5}}],"line":9},"1":{"loc":{"start":{"line":17,"column":12},"end":{"line":21,"column":13}},"type":"if","locations":[{"start":{"line":17,"column":12},"end":{"line":21,"column":13}},{"start":{"line":17,"column":12},"end":{"line":21,"column":13}}],"line":17}},"s":{"0":1,"1":13,"2":13,"3":13,"4":5,"5":8,"6":8,"7":8,"8":24,"9":16,"10":8,"11":1},"f":{"0":13},"b":{"0":[5,8],"1":[16,8]},"_coverageSchema":"1a1c01bbd47fc00a2c39e90264f33305004495a9","hash":"40e78a018cec732e2e48711dc0d58cbec635611c"}
}
